<?xml version="1.0" encoding="UTF-8"?>
<coverage generated="1753865870164" clover="3.2.0">
  <project timestamp="1753865870165" name="All files">
    <metrics statements="14" coveredstatements="12" conditionals="2" coveredconditionals="2" methods="8" coveredmethods="6" elements="24" coveredelements="20" complexity="0" loc="14" ncloc="14" packages="1" files="3" classes="3"/>
    <file name="async.js" path="C:\test\jestdemo\async.js">
      <metrics statements="5" coveredstatements="3" conditionals="0" coveredconditionals="0" methods="3" coveredmethods="1"/>
      <line num="1" count="1" type="stmt"/>
      <line num="2" count="1" type="stmt"/>
      <line num="3" count="0" type="stmt"/>
      <line num="4" count="0" type="stmt"/>
      <line num="8" count="1" type="stmt"/>
    </file>
    <file name="calc.js" path="C:\test\jestdemo\calc.js">
      <metrics statements="7" coveredstatements="7" conditionals="2" coveredconditionals="2" methods="4" coveredmethods="4"/>
      <line num="3" count="2" type="stmt"/>
      <line num="7" count="1" type="stmt"/>
      <line num="10" count="1" type="stmt"/>
      <line num="13" count="2" type="cond" truecount="2" falsecount="0"/>
      <line num="14" count="1" type="stmt"/>
      <line num="16" count="1" type="stmt"/>
      <line num="20" count="1" type="stmt"/>
    </file>
    <file name="index.js" path="C:\test\jestdemo\index.js">
      <metrics statements="2" coveredstatements="2" conditionals="0" coveredconditionals="0" methods="1" coveredmethods="1"/>
      <line num="2" count="1" type="stmt"/>
      <line num="5" count="1" type="stmt"/>
    </file>
  </project>
</coverage>
