TN:
SF:async.js
FN:1,(anonymous_0)
FN:2,(anonymous_1)
FN:3,(anonymous_2)
FNF:3
FNH:1
FNDA:1,(anonymous_0)
FNDA:0,(anonymous_1)
FNDA:0,(anonymous_2)
DA:1,1
DA:2,1
DA:3,0
DA:4,0
DA:8,1
LF:5
LH:3
BRF:0
BRH:0
end_of_record
TN:
SF:calc.js
FN:2,(anonymous_0)
FN:6,(anonymous_1)
FN:9,(anonymous_2)
FN:12,(anonymous_3)
FNF:4
FNH:4
FNDA:2,(anonymous_0)
FNDA:1,(anonymous_1)
FNDA:1,(anonymous_2)
FNDA:2,(anonymous_3)
DA:3,2
DA:7,1
DA:10,1
DA:13,2
DA:14,1
DA:16,1
DA:20,1
LF:7
LH:7
BRDA:13,0,0,1
BRDA:13,0,1,1
BRF:2
BRH:2
end_of_record
TN:
SF:index.js
FN:1,add
FNF:1
FNH:1
FNDA:1,add
DA:2,1
DA:5,1
LF:2
LH:2
BRF:0
BRH:0
end_of_record
